<?xml version="1.0" encoding="UTF-8"?>
<testsuite xmlns:xsi="http://www.w3.org/2001/XMLSchema-instance" xsi:noNamespaceSchemaLocation="https://maven.apache.org/surefire/maven-surefire-plugin/xsd/surefire-test-report-3.0.xsd" version="3.0" name="com.luv2code.junitdemo.DemoUtilTest" time="2.078" tests="10" errors="0" skipped="0" failures="0">
  <properties>
    <property name="java.specification.version" value="21"/>
    <property name="sun.cpu.isalist" value="amd64"/>
    <property name="sun.jnu.encoding" value="Cp1252"/>
    <property name="java.class.path" value="D:\Repositories\java-Review-Practice-and-Projects\spring-boot-unit-testing\15.junit-test-coverage-maven-all-tests-passed\target\test-classes;D:\Repositories\java-Review-Practice-and-Projects\spring-boot-unit-testing\15.junit-test-coverage-maven-all-tests-passed\target\classes;C:\Users\Julian\.m2\repository\org\junit\jupiter\junit-jupiter\5.8.2\junit-jupiter-5.8.2.jar;C:\Users\Julian\.m2\repository\org\junit\jupiter\junit-jupiter-api\5.8.2\junit-jupiter-api-5.8.2.jar;C:\Users\Julian\.m2\repository\org\opentest4j\opentest4j\1.2.0\opentest4j-1.2.0.jar;C:\Users\Julian\.m2\repository\org\junit\platform\junit-platform-commons\1.8.2\junit-platform-commons-1.8.2.jar;C:\Users\Julian\.m2\repository\org\apiguardian\apiguardian-api\1.1.2\apiguardian-api-1.1.2.jar;C:\Users\Julian\.m2\repository\org\junit\jupiter\junit-jupiter-params\5.8.2\junit-jupiter-params-5.8.2.jar;C:\Users\Julian\.m2\repository\org\junit\jupiter\junit-jupiter-engine\5.8.2\junit-jupiter-engine-5.8.2.jar;C:\Users\Julian\.m2\repository\org\junit\platform\junit-platform-engine\1.8.2\junit-platform-engine-1.8.2.jar;"/>
    <property name="java.vm.vendor" value="Oracle Corporation"/>
    <property name="sun.arch.data.model" value="64"/>
    <property name="user.variant" value=""/>
    <property name="java.vendor.url" value="https://java.oracle.com/"/>
    <property name="user.timezone" value="America/New_York"/>
    <property name="os.name" value="Windows 10"/>
    <property name="java.vm.specification.version" value="21"/>
    <property name="sun.java.launcher" value="SUN_STANDARD"/>
    <property name="user.country" value="US"/>
    <property name="sun.boot.library.path" value="C:\Program Files\Java\jdk-21\bin"/>
    <property name="sun.java.command" value="C:\Users\Julian\AppData\Local\Temp\surefire10303781940422573608\surefirebooter7363198031025361494.jar C:\Users\Julian\AppData\Local\Temp\surefire10303781940422573608 2024-07-10T01-38-48_886-jvmRun1 surefire7052646201644515601tmp surefire_014136345608357635957tmp"/>
    <property name="jdk.debug" value="release"/>
    <property name="surefire.test.class.path" value="D:\Repositories\java-Review-Practice-and-Projects\spring-boot-unit-testing\15.junit-test-coverage-maven-all-tests-passed\target\test-classes;D:\Repositories\java-Review-Practice-and-Projects\spring-boot-unit-testing\15.junit-test-coverage-maven-all-tests-passed\target\classes;C:\Users\Julian\.m2\repository\org\junit\jupiter\junit-jupiter\5.8.2\junit-jupiter-5.8.2.jar;C:\Users\Julian\.m2\repository\org\junit\jupiter\junit-jupiter-api\5.8.2\junit-jupiter-api-5.8.2.jar;C:\Users\Julian\.m2\repository\org\opentest4j\opentest4j\1.2.0\opentest4j-1.2.0.jar;C:\Users\Julian\.m2\repository\org\junit\platform\junit-platform-commons\1.8.2\junit-platform-commons-1.8.2.jar;C:\Users\Julian\.m2\repository\org\apiguardian\apiguardian-api\1.1.2\apiguardian-api-1.1.2.jar;C:\Users\Julian\.m2\repository\org\junit\jupiter\junit-jupiter-params\5.8.2\junit-jupiter-params-5.8.2.jar;C:\Users\Julian\.m2\repository\org\junit\jupiter\junit-jupiter-engine\5.8.2\junit-jupiter-engine-5.8.2.jar;C:\Users\Julian\.m2\repository\org\junit\platform\junit-platform-engine\1.8.2\junit-platform-engine-1.8.2.jar;"/>
    <property name="sun.cpu.endian" value="little"/>
    <property name="user.home" value="C:\Users\Julian"/>
    <property name="user.language" value="en"/>
    <property name="java.specification.vendor" value="Oracle Corporation"/>
    <property name="java.version.date" value="2023-10-17"/>
    <property name="java.home" value="C:\Program Files\Java\jdk-21"/>
    <property name="file.separator" value="\"/>
    <property name="basedir" value="D:\Repositories\java-Review-Practice-and-Projects\spring-boot-unit-testing\15.junit-test-coverage-maven-all-tests-passed"/>
    <property name="java.vm.compressedOopsMode" value="Zero based"/>
    <property name="line.separator" value="&#10;"/>
    <property name="java.vm.specification.vendor" value="Oracle Corporation"/>
    <property name="java.specification.name" value="Java Platform API Specification"/>
    <property name="surefire.real.class.path" value="C:\Users\Julian\AppData\Local\Temp\surefire10303781940422573608\surefirebooter7363198031025361494.jar"/>
    <property name="user.script" value=""/>
    <property name="sun.management.compiler" value="HotSpot 64-Bit Tiered Compilers"/>
    <property name="java.runtime.version" value="21.0.1+12-LTS-29"/>
    <property name="user.name" value="Julian"/>
    <property name="stdout.encoding" value="Cp1252"/>
    <property name="path.separator" value=";"/>
    <property name="os.version" value="10.0"/>
    <property name="java.runtime.name" value="Java(TM) SE Runtime Environment"/>
    <property name="file.encoding" value="UTF-8"/>
    <property name="java.vm.name" value="Java HotSpot(TM) 64-Bit Server VM"/>
    <property name="localRepository" value="C:\Users\Julian\.m2\repository"/>
    <property name="java.vendor.url.bug" value="https://bugreport.java.com/bugreport/"/>
    <property name="java.io.tmpdir" value="C:\Users\Julian\AppData\Local\Temp\"/>
    <property name="java.version" value="21.0.1"/>
    <property name="user.dir" value="D:\Repositories\java-Review-Practice-and-Projects\spring-boot-unit-testing\15.junit-test-coverage-maven-all-tests-passed"/>
    <property name="os.arch" value="amd64"/>
    <property name="java.vm.specification.name" value="Java Virtual Machine Specification"/>
    <property name="sun.os.patch.level" value=""/>
    <property name="native.encoding" value="Cp1252"/>
    <property name="java.library.path" value="C:\Program Files\Java\jdk-21\bin;C:\Windows\Sun\Java\bin;C:\Windows\system32;C:\Windows;C:\Program Files\Common Files\Oracle\Java\javapath;C:\Python312\Scripts\;C:\Python312\;C:\Python311\Scripts\;C:\Python311\;C:\Windows\system32;C:\Windows;C:\Windows\System32\Wbem;C:\Windows\System32\WindowsPowerShell\v1.0\;C:\Windows\System32\OpenSSH\;C:\Program Files (x86)\NVIDIA Corporation\PhysX\Common;C:\Program Files\NVIDIA Corporation\NVIDIA NvDLISR;C:\Program Files\MongoDB\Server\6.0\bin;C:\Program Files\mongosh\bin;C:\Program Files\Java\jdk1.8.0_341\bin;C:\apache-maven-3.8.6\bin;C:\Program Files (x86)\dotnet\;C:\xampp\php;C:\ProgramData\ComposerSetup\bin;C:\ProgramData\chocolatey\bin;C:\Program Files\Microsoft VS Code\bin;C:\Users\Julian\.config\herd\bin\nvm;C:\Program Files\nodejs;C:\Program Files\nodejs\;C:\Program Files\Kubernetes\Minikube;C:\tools;C:\Program Files\Docker\Docker\resources\bin;C:\Program Files\Git\cmd;C:\Users\Julian\.config\herd\bin;C:\Program Files\Java\jdk-21\bin;C:\Users\Julian\AppData\Local\Microsoft\WindowsApps;C:\Users\Julian\AppData\Roaming\Composer\vendor\bin;C:\Program Files\JetBrains\IntelliJ IDEA Community Edition 2023.3.2\bin;;C:\Users\Julian\AppData\Roaming\npm;C:\tools;;."/>
    <property name="java.vm.info" value="mixed mode, sharing"/>
    <property name="stderr.encoding" value="Cp1252"/>
    <property name="java.vendor" value="Oracle Corporation"/>
    <property name="java.vm.version" value="21.0.1+12-LTS-29"/>
    <property name="sun.io.unicode.encoding" value="UnicodeLittle"/>
    <property name="java.class.version" value="65.0"/>
  </properties>
  <testcase name="Array Equals" classname="com.luv2code.junitdemo.DemoUtilTest" time="0.027">
    <system-out><![CDATA[@BeforeAll executes only before all test methods.
@BeforeEach executes before the execution of each test Method
Running @AfterEach

]]></system-out>
  </testcase>
  <testcase name="Equals and Not Equals" classname="com.luv2code.junitdemo.DemoUtilTest" time="0.003">
    <system-out><![CDATA[@BeforeEach executes before the execution of each test Method
Running test: testEqualAndNotEquals
Running @AfterEach

]]></system-out>
  </testcase>
  <testcase name="Lines Match" classname="com.luv2code.junitdemo.DemoUtilTest" time="0.004">
    <system-out><![CDATA[@BeforeEach executes before the execution of each test Method
Running @AfterEach

]]></system-out>
  </testcase>
  <testcase name="Null and Not Null" classname="com.luv2code.junitdemo.DemoUtilTest" time="0.002">
    <system-out><![CDATA[@BeforeEach executes before the execution of each test Method
Running test: testNullAndNotNull
Running @AfterEach

]]></system-out>
  </testcase>
  <testcase name="Same and Not Same" classname="com.luv2code.junitdemo.DemoUtilTest" time="0.002">
    <system-out><![CDATA[@BeforeEach executes before the execution of each test Method
Running @AfterEach

]]></system-out>
  </testcase>
  <testcase name="Test Iterable Equals" classname="com.luv2code.junitdemo.DemoUtilTest" time="0.002">
    <system-out><![CDATA[@BeforeEach executes before the execution of each test Method
Running @AfterEach

]]></system-out>
  </testcase>
  <testcase name="Throws and Does Not Throws" classname="com.luv2code.junitdemo.DemoUtilTest" time="0.003">
    <system-out><![CDATA[@BeforeEach executes before the execution of each test Method
Running @AfterEach

]]></system-out>
  </testcase>
  <testcase name="Timeout" classname="com.luv2code.junitdemo.DemoUtilTest" time="2.007">
    <system-out><![CDATA[@BeforeEach executes before the execution of each test Method
I am going to sleep
Sleeping over
Running @AfterEach

]]></system-out>
  </testcase>
  <testcase name="True and False" classname="com.luv2code.junitdemo.DemoUtilTest" time="0.003">
    <system-out><![CDATA[@BeforeEach executes before the execution of each test Method
Running @AfterEach

]]></system-out>
  </testcase>
  <testcase name="Multiply" classname="com.luv2code.junitdemo.DemoUtilTest" time="0.001">
    <system-out><![CDATA[@BeforeEach executes before the execution of each test Method
Running @AfterEach

]]></system-out>
  </testcase>
</testsuite>